c:\users\zgcrowno\documents\orxprojects\payload\build\windows\vs2017\obj\x64\debug\spawner.obj
c:\users\zgcrowno\documents\orxprojects\payload\build\windows\vs2017\obj\x64\debug\payload.obj
c:\users\zgcrowno\documents\orxprojects\payload\build\windows\vs2017\obj\x64\debug\raycastdata.obj
c:\users\zgcrowno\documents\orxprojects\payload\build\windows\vs2017\obj\x64\debug\scrollmod.obj
c:\users\zgcrowno\documents\orxprojects\payload\build\windows\vs2017\obj\x64\debug\tile.obj
c:\users\zgcrowno\documents\orxprojects\payload\build\windows\vs2017\obj\x64\debug\drawn.obj
c:\users\zgcrowno\documents\orxprojects\payload\build\windows\vs2017\obj\x64\debug\tileset.obj
c:\users\zgcrowno\documents\orxprojects\payload\build\windows\vs2017\obj\x64\debug\tileedge.obj
c:\users\zgcrowno\documents\orxprojects\payload\build\windows\vs2017\obj\x64\debug\tileinhabitant.obj
c:\users\zgcrowno\documents\orxprojects\payload\build\windows\vs2017\obj\x64\debug\playerpayload.obj
c:\users\zgcrowno\documents\orxprojects\payload\build\windows\vs2017\obj\x64\debug\goal.obj
c:\users\zgcrowno\documents\orxprojects\payload\build\windows\vs2017\obj\x64\debug\unreachable.obj
c:\users\zgcrowno\documents\orxprojects\payload\build\windows\vs2017\obj\x64\debug\firewall.obj
c:\users\zgcrowno\documents\orxprojects\payload\build\windows\vs2017\obj\x64\debug\recursive.obj
c:\users\zgcrowno\documents\orxprojects\payload\build\windows\vs2017\obj\x64\debug\protocol.obj
c:\users\zgcrowno\documents\orxprojects\payload\build\windows\vs2017\obj\x64\debug\proxy.obj
c:\users\zgcrowno\documents\orxprojects\payload\build\windows\vs2017\obj\x64\debug\bypass.obj
c:\users\zgcrowno\documents\orxprojects\payload\build\windows\vs2017\obj\x64\debug\virus.obj
c:\users\zgcrowno\documents\orxprojects\payload\build\windows\vs2017\obj\x64\debug\tilebackground.obj
c:\users\zgcrowno\documents\orxprojects\payload\build\windows\vs2017\obj\x64\debug\tileforeground.obj
c:\users\zgcrowno\documents\orxprojects\payload\build\windows\vs2017\obj\x64\debug\tileground.obj
c:\users\zgcrowno\documents\orxprojects\payload\build\windows\vs2017\obj\x64\debug\memorysetcartesian2d.obj
c:\users\zgcrowno\documents\orxprojects\payload\build\windows\vs2017\obj\x64\debug\memoryset.obj
c:\users\zgcrowno\documents\orxprojects\payload\build\windows\vs2017\obj\x64\debug\memorysetcartesian1d.obj
c:\users\zgcrowno\documents\orxprojects\payload\build\windows\vs2017\obj\x64\debug\memorysetpolar1d.obj
c:\users\zgcrowno\documents\orxprojects\payload\build\windows\vs2017\obj\x64\debug\memorysetpolar2d.obj
c:\users\zgcrowno\documents\orxprojects\payload\build\windows\vs2017\obj\x64\debug\doer.obj
c:\users\zgcrowno\documents\orxprojects\payload\build\windows\vs2017\obj\x64\debug\infection.obj
c:\users\zgcrowno\documents\orxprojects\payload\build\windows\vs2017\obj\x64\debug\vc141.pdb
c:\users\zgcrowno\documents\orxprojects\payload\bin\payloadd.exe
c:\users\zgcrowno\documents\orxprojects\payload\bin\payloadd.pdb
c:\users\zgcrowno\documents\orxprojects\payload\bin\payloadd.lib
c:\users\zgcrowno\documents\orxprojects\payload\bin\payloadd.exp
c:\users\zgcrowno\documents\orxprojects\payload\build\windows\vs2017\..\..\..\bin\payloadd.exe
c:\users\zgcrowno\documents\orxprojects\payload\build\windows\vs2017\obj\x64\debug\payload.tlog\cl.command.1.tlog
c:\users\zgcrowno\documents\orxprojects\payload\build\windows\vs2017\obj\x64\debug\payload.tlog\cl.read.1.tlog
c:\users\zgcrowno\documents\orxprojects\payload\build\windows\vs2017\obj\x64\debug\payload.tlog\cl.write.1.tlog
c:\users\zgcrowno\documents\orxprojects\payload\build\windows\vs2017\obj\x64\debug\payload.tlog\link.command.1.tlog
c:\users\zgcrowno\documents\orxprojects\payload\build\windows\vs2017\obj\x64\debug\payload.tlog\link.read.1.tlog
c:\users\zgcrowno\documents\orxprojects\payload\build\windows\vs2017\obj\x64\debug\payload.tlog\link.write.1.tlog
c:\users\zgcrowno\documents\orxprojects\payload\build\windows\vs2017\obj\x64\debug\payload.tlog\payload.write.1u.tlog
