  Bypass.cpp
  Doer.cpp
  Firewall.cpp
  Goal.cpp
c:\users\zgcrowno\documents\orxprojects\payload\build\windows\vs2017\firewall.cpp(36): warning C4541: 'dynamic_cast' used on polymorphic type 'payload::TileInhabitant' with /GR-; unpredictable behavior may result
c:\users\zgcrowno\documents\orxprojects\payload\build\windows\vs2017\firewall.cpp(47): warning C4541: 'dynamic_cast' used on polymorphic type 'payload::TileInhabitant' with /GR-; unpredictable behavior may result
c:\users\zgcrowno\documents\orxprojects\payload\build\windows\vs2017\firewall.cpp(146): warning C4715: 'payload::Firewall::IsInPurview': not all control paths return a value
  Infection.cpp
  MemorySet.cpp
  MemorySetCartesian1D.cpp
  MemorySetCartesian2D.cpp
c:\users\zgcrowno\documents\orxprojects\payload\build\windows\vs2017\memorysetcartesian2d.cpp(32): warning C4267: 'initializing': conversion from 'size_t' to 'int', possible loss of data
c:\users\zgcrowno\documents\orxprojects\payload\build\windows\vs2017\infection.cpp(34): warning C4541: 'dynamic_cast' used on polymorphic type 'payload::TileInhabitant' with /GR-; unpredictable behavior may result
  MemorySetPolar1D.cpp
  MemorySetPolar2D.cpp
  Payload.cpp
  PlayerPayload.cpp
  Protocol.cpp
  Proxy.cpp
  RaycastData.cpp
  Recursive.cpp
  ScrollMod.cpp
  Spawner.cpp
c:\users\zgcrowno\documents\orxprojects\payload\build\windows\vs2017\scrollmod.cpp(90): warning C4018: '<': signed/unsigned mismatch
c:\users\zgcrowno\documents\orxprojects\payload\build\windows\vs2017\scrollmod.cpp(105): warning C4018: '<': signed/unsigned mismatch
  Tile.cpp
c:\users\zgcrowno\documents\orxprojects\payload\build\windows\vs2017\scrollmod.cpp(922): warning C4700: uninitialized local variable 'result' used
c:\users\zgcrowno\documents\orxprojects\payload\build\windows\vs2017\scrollmod.cpp(302): warning C4172: returning address of local variable or temporary: retVal
c:\users\zgcrowno\documents\orxprojects\payload\build\windows\vs2017\scrollmod.cpp(400): warning C4715: 'payload::ScrollMod::GetParentSpacePosition': not all control paths return a value
c:\users\zgcrowno\documents\orxprojects\payload\build\windows\vs2017\scrollmod.cpp(421): warning C4715: 'payload::ScrollMod::GetParentSpaceScale': not all control paths return a value
  TileInhabitant.cpp
c:\users\zgcrowno\documents\orxprojects\payload\build\windows\vs2017\scrollmod.cpp(937): warning C4715: 'payload::ScrollMod::GetChildByName': not all control paths return a value
c:\users\zgcrowno\documents\orxprojects\payload\build\windows\vs2017\scrollmod.cpp(971): warning C4715: 'payload::ScrollMod::GetBodyPartByName': not all control paths return a value
c:\users\zgcrowno\documents\orxprojects\payload\build\windows\vs2017\scrollmod.cpp(951): warning C4715: 'payload::ScrollMod::GetChildByName': not all control paths return a value
  TileSet.cpp
c:\users\zgcrowno\documents\orxprojects\payload\build\windows\vs2017\tile.cpp(186): warning C4244: 'argument': conversion from 'int' to 'float', possible loss of data
c:\users\zgcrowno\documents\orxprojects\payload\build\windows\vs2017\tile.cpp(186): warning C4244: 'initializing': conversion from 'float' to 'int', possible loss of data
c:\users\zgcrowno\documents\orxprojects\payload\build\windows\vs2017\tile.cpp(403): warning C4267: 'initializing': conversion from 'size_t' to 'int', possible loss of data
c:\users\zgcrowno\documents\orxprojects\payload\build\windows\vs2017\tile.cpp(539): warning C4267: 'initializing': conversion from 'size_t' to 'int', possible loss of data
c:\users\zgcrowno\documents\orxprojects\payload\build\windows\vs2017\tile.cpp(563): warning C4244: 'argument': conversion from 'int' to 'float', possible loss of data
c:\users\zgcrowno\documents\orxprojects\payload\build\windows\vs2017\tile.cpp(563): warning C4244: 'argument': conversion from 'float' to 'const unsigned __int64', possible loss of data
  Unreachable.cpp
c:\users\zgcrowno\documents\orxprojects\payload\build\windows\vs2017\tileset.cpp(60): warning C4244: 'argument': conversion from 'orxFLOAT' to 'const unsigned __int64', possible loss of data
c:\users\zgcrowno\documents\orxprojects\payload\build\windows\vs2017\tileset.cpp(61): warning C4244: 'argument': conversion from 'orxFLOAT' to 'const unsigned __int64', possible loss of data
c:\users\zgcrowno\documents\orxprojects\payload\build\windows\vs2017\tileset.cpp(147): warning C4244: 'argument': conversion from 'orxFLOAT' to 'const unsigned __int64', possible loss of data
c:\users\zgcrowno\documents\orxprojects\payload\build\windows\vs2017\tileset.cpp(159): warning C4244: 'argument': conversion from 'orxFLOAT' to 'const unsigned __int64', possible loss of data
c:\users\zgcrowno\documents\orxprojects\payload\build\windows\vs2017\tileset.cpp(170): warning C4244: 'argument': conversion from 'orxFLOAT' to 'const unsigned __int64', possible loss of data
c:\users\zgcrowno\documents\orxprojects\payload\build\windows\vs2017\tileset.cpp(181): warning C4244: 'argument': conversion from 'orxFLOAT' to 'const unsigned __int64', possible loss of data
c:\users\zgcrowno\documents\orxprojects\payload\build\windows\vs2017\tileset.cpp(192): warning C4244: 'argument': conversion from 'orxFLOAT' to 'const unsigned __int64', possible loss of data
c:\users\zgcrowno\documents\orxprojects\payload\build\windows\vs2017\tileset.cpp(204): warning C4244: 'argument': conversion from 'orxFLOAT' to 'const unsigned __int64', possible loss of data
c:\users\zgcrowno\documents\orxprojects\payload\build\windows\vs2017\tileset.cpp(217): warning C4244: 'argument': conversion from 'orxFLOAT' to 'const unsigned __int64', possible loss of data
c:\users\zgcrowno\documents\orxprojects\payload\build\windows\vs2017\tileset.cpp(240): warning C4244: 'argument': conversion from 'orxFLOAT' to 'const unsigned __int64', possible loss of data
c:\users\zgcrowno\documents\orxprojects\payload\build\windows\vs2017\tileset.cpp(252): warning C4244: 'argument': conversion from 'orxFLOAT' to 'const unsigned __int64', possible loss of data
c:\users\zgcrowno\documents\orxprojects\payload\build\windows\vs2017\tileset.cpp(264): warning C4244: 'argument': conversion from 'orxFLOAT' to 'const unsigned __int64', possible loss of data
c:\users\zgcrowno\documents\orxprojects\payload\build\windows\vs2017\tileset.cpp(269): warning C4244: 'argument': conversion from 'int' to 'float', possible loss of data
c:\users\zgcrowno\documents\orxprojects\payload\build\windows\vs2017\tileset.cpp(276): warning C4244: 'argument': conversion from 'orxFLOAT' to 'const unsigned __int64', possible loss of data
c:\users\zgcrowno\documents\orxprojects\payload\build\windows\vs2017\tileset.cpp(281): warning C4244: 'argument': conversion from 'int' to 'float', possible loss of data
c:\users\zgcrowno\documents\orxprojects\payload\build\windows\vs2017\tileset.cpp(288): warning C4244: 'argument': conversion from 'orxFLOAT' to 'const unsigned __int64', possible loss of data
c:\users\zgcrowno\documents\orxprojects\payload\build\windows\vs2017\tileset.cpp(293): warning C4244: 'argument': conversion from 'int' to 'float', possible loss of data
c:\users\zgcrowno\documents\orxprojects\payload\build\windows\vs2017\tileset.cpp(300): warning C4244: 'argument': conversion from 'orxFLOAT' to 'const unsigned __int64', possible loss of data
c:\users\zgcrowno\documents\orxprojects\payload\build\windows\vs2017\tileset.cpp(305): warning C4244: 'argument': conversion from 'int' to 'float', possible loss of data
c:\users\zgcrowno\documents\orxprojects\payload\build\windows\vs2017\tileset.cpp(328): warning C4244: '=': conversion from 'int' to 'orxFLOAT', possible loss of data
c:\users\zgcrowno\documents\orxprojects\payload\build\windows\vs2017\tileset.cpp(537): warning C4541: 'dynamic_cast' used on polymorphic type 'payload::Doer' with /GR-; unpredictable behavior may result
c:\users\zgcrowno\documents\orxprojects\payload\build\windows\vs2017\tileset.cpp(630): warning C4541: 'dynamic_cast' used on polymorphic type 'payload::Doer' with /GR-; unpredictable behavior may result
c:\users\zgcrowno\documents\orxprojects\payload\build\windows\vs2017\tileset.cpp(828): warning C4541: 'dynamic_cast' used on polymorphic type 'ScrollObject' with /GR-; unpredictable behavior may result
c:\users\zgcrowno\documents\orxprojects\payload\build\windows\vs2017\tileset.cpp(840): warning C4541: 'dynamic_cast' used on polymorphic type 'ScrollObject' with /GR-; unpredictable behavior may result
  Virus.cpp
     Creating library ..\..\..\bin\Payloadp.lib and object ..\..\..\bin\Payloadp.exp
  Payload.vcxproj -> C:\Users\zgcrowno\Documents\OrxProjects\Payload\build\windows\vs2017\..\..\..\bin\Payloadp.exe
  C:\Users\zgcrowno\Documents\orx\code\lib\dynamic\orx.dll
  C:\Users\zgcrowno\Documents\orx\code\lib\dynamic\orxd.dll
  C:\Users\zgcrowno\Documents\orx\code\lib\dynamic\orxp.dll
          3 file(s) copied.
